<?xml version='1.0' encoding='utf-8'?>
<testsuite name="Full 27-Fault Coverage" tests="27" failures="6"><testcase classname="fault" name="SF-01" time="0.0"><properties><property name="category" value="sensor_filter" /><property name="severity" value="WARNING" /><property name="iso" value="ISO 26262-4 7.4.3 (FTTI)" /><property name="failure_mode" value="not_detected" /><property name="latency_ms" value="" /></properties></testcase><testcase classname="fault" name="SF-02" time="0.023"><properties><property name="category" value="none" /><property name="severity" value="INFO" /><property name="iso" value="" /><property name="failure_mode" value="none" /><property name="latency_ms" value="" /></properties></testcase><testcase classname="fault" name="SF-03" time="0.0"><properties><property name="category" value="sensor_filter" /><property name="severity" value="WARNING" /><property name="iso" value="ISO 26262-4 7.4.3" /><property name="failure_mode" value="not_detected" /><property name="latency_ms" value="" /></properties><failure message="SF-03 Impulse noise not detected RI 30 [WARNING]" /></testcase><testcase classname="fault" name="SF-04" time="0.0"><properties><property name="category" value="sensor_calibration" /><property name="severity" value="WARNING" /><property name="iso" value="ISO 26262-4 7.4.3" /><property name="failure_mode" value="not_detected" /><property name="latency_ms" value="" /></properties></testcase><testcase classname="fault" name="SF-05" time="0.023"><properties><property name="category" value="none" /><property name="severity" value="INFO" /><property name="iso" value="" /><property name="failure_mode" value="none" /><property name="latency_ms" value="" /></properties></testcase><testcase classname="fault" name="SF-06" time="0.0"><properties><property name="category" value="sensor_filter" /><property name="severity" value="WARNING" /><property name="iso" value="ISO 26262-4 7.4.3" /><property name="failure_mode" value="not_detected" /><property name="latency_ms" value="" /></properties></testcase><testcase classname="fault" name="SF-07" time="0.023"><properties><property name="category" value="none" /><property name="severity" value="INFO" /><property name="iso" value="" /><property name="failure_mode" value="none" /><property name="latency_ms" value="" /></properties></testcase><testcase classname="fault" name="TF-01" time="0.0"><properties><property name="category" value="timing" /><property name="severity" value="CRITICAL" /><property name="iso" value="ISO 26262-6 7.4.4 (watchdog)" /><property name="failure_mode" value="unsafe" /><property name="latency_ms" value="" /></properties><failure message="TF-01 Deadline miss causes unsafe state — unsafe state RI 0 [CRITICAL]" /></testcase><testcase classname="fault" name="TF-02" time="0.023"><properties><property name="category" value="none" /><property name="severity" value="INFO" /><property name="iso" value="" /><property name="failure_mode" value="none" /><property name="latency_ms" value="" /></properties></testcase><testcase classname="fault" name="TF-03" time="0.023"><properties><property name="category" value="none" /><property name="severity" value="INFO" /><property name="iso" value="" /><property name="failure_mode" value="none" /><property name="latency_ms" value="" /></properties></testcase><testcase classname="fault" name="TF-04" time="0.023"><properties><property name="category" value="none" /><property name="severity" value="INFO" /><property name="iso" value="" /><property name="failure_mode" value="none" /><property name="latency_ms" value="" /></properties></testcase><testcase classname="fault" name="TF-05" time="0.023"><properties><property name="category" value="none" /><property name="severity" value="INFO" /><property name="iso" value="" /><property name="failure_mode" value="none" /><property name="latency_ms" value="" /></properties></testcase><testcase classname="fault" name="CF-01" time="0.0"><properties><property name="category" value="communication" /><property name="severity" value="WARNING" /><property name="iso" value="ISO 26262-4 7.4.2" /><property name="failure_mode" value="not_detected" /><property name="latency_ms" value="" /></properties><failure message="CF-01 Packet loss not recovered RI 30 [WARNING]" /></testcase><testcase classname="fault" name="CF-02" time="0.0"><properties><property name="category" value="communication" /><property name="severity" value="WARNING" /><property name="iso" value="ISO 26262-4 7.4.2" /><property name="failure_mode" value="not_detected" /><property name="latency_ms" value="" /></properties><failure message="CF-02 Latency spike not bounded RI 30 [WARNING]" /></testcase><testcase classname="fault" name="CF-03" time="0.023"><properties><property name="category" value="none" /><property name="severity" value="INFO" /><property name="iso" value="" /><property name="failure_mode" value="none" /><property name="latency_ms" value="" /></properties></testcase><testcase classname="fault" name="CF-04" time="0.023"><properties><property name="category" value="none" /><property name="severity" value="INFO" /><property name="iso" value="" /><property name="failure_mode" value="none" /><property name="latency_ms" value="" /></properties></testcase><testcase classname="fault" name="CF-05" time="0.023"><properties><property name="category" value="none" /><property name="severity" value="INFO" /><property name="iso" value="" /><property name="failure_mode" value="none" /><property name="latency_ms" value="" /></properties></testcase><testcase classname="fault" name="CF-06" time="0.023"><properties><property name="category" value="none" /><property name="severity" value="INFO" /><property name="iso" value="" /><property name="failure_mode" value="none" /><property name="latency_ms" value="" /></properties></testcase><testcase classname="fault" name="MF-01" time="0.023"><properties><property name="category" value="none" /><property name="severity" value="INFO" /><property name="iso" value="" /><property name="failure_mode" value="none" /><property name="latency_ms" value="" /></properties></testcase><testcase classname="fault" name="MF-02" time="0.0"><properties><property name="category" value="memory" /><property name="severity" value="WARNING" /><property name="iso" value="ISO 26262-6 7.4.7" /><property name="failure_mode" value="not_detected" /><property name="latency_ms" value="" /></properties><failure message="MF-02 Heap corruption not detected RI 30 [WARNING]" /></testcase><testcase classname="fault" name="MF-03" time="0.023"><properties><property name="category" value="none" /><property name="severity" value="INFO" /><property name="iso" value="" /><property name="failure_mode" value="none" /><property name="latency_ms" value="" /></properties></testcase><testcase classname="fault" name="MF-04" time="0.023"><properties><property name="category" value="none" /><property name="severity" value="INFO" /><property name="iso" value="" /><property name="failure_mode" value="none" /><property name="latency_ms" value="" /></properties></testcase><testcase classname="fault" name="PF-01" time="0.023"><properties><property name="category" value="none" /><property name="severity" value="INFO" /><property name="iso" value="" /><property name="failure_mode" value="none" /><property name="latency_ms" value="" /></properties></testcase><testcase classname="fault" name="PF-02" time="0.0"><properties><property name="category" value="power" /><property name="severity" value="WARNING" /><property name="iso" value="ISO 26262-4 7.4.1" /><property name="failure_mode" value="not_detected" /><property name="latency_ms" value="" /></properties><failure message="PF-02 Power glitch not filtered RI 30 [WARNING]" /></testcase><testcase classname="fault" name="PF-03" time="0.023"><properties><property name="category" value="none" /><property name="severity" value="INFO" /><property name="iso" value="" /><property name="failure_mode" value="none" /><property name="latency_ms" value="" /></properties></testcase><testcase classname="fault" name="GF-01" time="0.023"><properties><property name="category" value="none" /><property name="severity" value="INFO" /><property name="iso" value="" /><property name="failure_mode" value="none" /><property name="latency_ms" value="" /></properties></testcase><testcase classname="fault" name="GF-02" time="0.023"><properties><property name="category" value="none" /><property name="severity" value="INFO" /><property name="iso" value="" /><property name="failure_mode" value="none" /><property name="latency_ms" value="" /></properties></testcase></testsuite>