<?xml version='1.0' encoding='utf-8'?>
<testsuite name="Sensor Suite Validation" tests="3" failures="1"><testcase classname="fault" name="SF-01" time="0.0"><properties><property name="category" value="sensor_filter" /><property name="severity" value="WARNING" /><property name="iso" value="ISO 26262-4 7.4.3 (FTTI)" /><property name="failure_mode" value="not_detected" /><property name="latency_ms" value="" /></properties></testcase><testcase classname="fault" name="SF-02" time="0.023"><properties><property name="category" value="none" /><property name="severity" value="INFO" /><property name="iso" value="" /><property name="failure_mode" value="none" /><property name="latency_ms" value="" /></properties></testcase><testcase classname="fault" name="TF-01" time="0.0"><properties><property name="category" value="timing" /><property name="severity" value="CRITICAL" /><property name="iso" value="ISO 26262-6 7.4.4 (watchdog)" /><property name="failure_mode" value="unsafe" /><property name="latency_ms" value="" /></properties><failure message="TF-01 Deadline miss causes unsafe state — unsafe state RI 0 [CRITICAL]" /></testcase></testsuite>